{
  "Id": 43,
  "Name": "AddUserMessage",
  "InitialSystemContent": "",
  "Message": {
    "Role": "user",
    "Content": "what markdowns are not needed in the content folder"
  },
  "Parent": {
    "Id": 42,
    "Name": "ApplyWorkflow (SearchWorkflow) End",
    "InitialSystemContent": "",
    "Message": {
      "Role": "",
      "Content": ""
    },
    "Parent": {
      "Id": 41,
      "Name": "AddSystemMessage",
      "InitialSystemContent": "",
      "Message": {
        "Role": "system",
        "Content": "####embedding from file: themes/PaperMod/assets/js/highlight.min.js\n instr interface interleaved intersect into invalidate invisible is is_free_lock is_ipv4 is_ipv4_compat is_not is_not_null is_used_lock isdate isnull isolation iterate java join json json_exists keep keep_duplicates key keys kill language large last last_day last_insert_id last_value lateral lax lcase lead leading least leaves left len lenght length less level levels library like like2 like4 likec limit lines link list listagg little ln load load_file lob lobs local localtime localtimestamp locate locator lock locked log log10 log2 logfile logfiles logging logical logical_reads_per_call logoff logon logs long loop low low_priority lower lpad lrtrim ltrim main make_set makedate maketime managed management manual map mapping mask master master_pos_wait match matched materialized max maxextents maximize maxinstances maxlen maxlogfiles maxloghistory maxlogmembers maxsize maxtrans md5 measures median medium member memcompress memory merge microsecond mid migration min minextents minimum mining minus minute minutes minvalue missing mod mode model modification modify module monitoring month months mount move movement multiset mutex name name_const names nan national native natural nav nchar nclob nested never new newline next nextval no no_write_to_binlog noarchivelog noaudit nobadfile nocheck nocompress nocopy nocycle nodelay nodiscardfile noentityescaping noguarantee nokeep nologfile nomapping nomaxvalue nominimize nominvalue nomonitoring none noneditionable nonschema noorder nopr nopro noprom nopromp noprompt norely noresetlogs noreverse normal norowdependencies noschemacheck noswitch not nothing notice notnull notrim novalidate now nowait nth_value nullif nulls num numb numbe nvarchar nvarchar2 object ocicoll ocidate ocidatetime ociduration ociinterval ociloblocator ocinumber ociref ocirefcursor ocirowid ocistring ocitype oct octet_length of off offline offset oid oidindex old on online only opaque open operations operator optimal optimize option optionally or oracle oracle_date oradata ord ordaudio orddicom orddoc order ordimage ordinality ordvideo organization orlany orlvary out outer outfile outline output over overflow overriding package pad parallel parallel_enable parameters parent parse partial partition partitions pascal passing password password_grace_time password_lock_time password_reuse_max password_reuse_time password_verify_function patch path patindex pctincrease pctthreshold pctused pctversion percent percent_rank percentile_cont percentile_disc performance period period_add period_diff permanent physical pi pipe pipelined pivot pluggable plugin policy position post_transaction pow power pragma prebuilt precedes preceding precision prediction prediction_cost prediction_details prediction_probability prediction_set prepare present preserve prior priority private private_sga privileges procedural procedure procedure_analyze processlist profiles project prompt protection public publishingservername purge quarter query quick quiesce quota quotename radians raise rand range rank raw read reads readsize rebuild record records recover recovery recursive recycle redo reduced ref reference referenced references referencing"
      },
      "Parent": {
        "Id": 40,
        "Name": "AddSystemMessage",
        "InitialSystemContent": "",
        "Message": {
          "Role": "system",
          "Content": "####embedding from file: themes/PaperMod/assets/js/highlight.min.js\n datafiles datalength date_add date_cache date_format date_sub dateadd datediff datefromparts datename datepart datetime2fromparts day day_to_second dayname dayofmonth dayofweek dayofyear days db_role_change dbtimezone ddl deallocate declare decode decompose decrement decrypt deduplicate def defa defau defaul default defaults deferred defi defin define degrees delayed delegate delete delete_all delimited demand dense_rank depth dequeue des_decrypt des_encrypt des_key_file desc descr descri describ describe descriptor deterministic diagnostics difference dimension direct_load directory disable disable_all disallow disassociate discardfile disconnect diskgroup distinct distinctrow distribute distributed div do document domain dotnet double downgrade drop dumpfile duplicate duration each edition editionable editions element ellipsis else elsif elt empty enable enable_all enclosed encode encoding encrypt end end-exec endian enforced engine engines enqueue enterprise entityescaping eomonth error errors escaped evalname evaluate event eventdata events except exception exceptions exchange exclude excluding execu execut execute exempt exists exit exp expire explain explode export export_set extended"
        },
        "Parent": {
          "Id": 39,
          "Name": "AddSystemMessage",
          "InitialSystemContent": "",
          "Message": {
            "Role": "system",
            "Content": "####embedding from file: themes/PaperMod/assets/js/highlight.min.js\n explain help declare prepare execute deallocate release unlock purge reset change stop analyze cache flush optimize repair kill install uninstall checksum restore check backup revoke comment values with\",end:/;/,endsWithParent:!0,keywords:{$pattern:/[\\w\\.]+/,keyword:\"as abort abs absolute acc acce accep accept access accessed accessible account acos action activate add addtime admin administer advanced advise aes_decrypt aes_encrypt after agent aggregate ali alia alias all allocate allow alter always analyze ancillary and anti any anydata anydataset anyschema anytype apply archive archived archivelog are as asc ascii asin assembly assertion associate asynchronous at atan atn2 attr attri attrib attribu attribut attribute attributes audit authenticated authentication authid authors auto autoallocate autodblink autoextend automatic availability avg backup badfile basicfile before begin beginning benchmark between bfile bfile_base big bigfile bin binary_double binary_float binlog bit_and bit_count bit_length bit_or bit_xor bitmap blob_base block blocksize body both bound bucket buffer_cache"
          },
          "Parent": {
            "Id": 38,
            "Name": "AddSystemMessage",
            "InitialSystemContent": "",
            "Message": {
              "Role": "system",
              "Content": "####embedding from file: themes/PaperMod/assets/js/highlight.min.js\n|font-variant|font-style|font-stretch|font-size-adjust|font-size|font-language-override|font-kerning|font-feature-settings|font-family|font|float|flex-wrap|flex-shrink|flex-grow|flex-flow|flex-direction|flex-basis|flex|filter|empty-cells|display|direction|cursor|counter-reset|counter-increment|content|column-width|column-span|column-rule-width|column-rule-style|column-rule-color|column-rule|column-gap|column-fill|column-count|columns|color|clip-path|clip|clear|caption-side|break-inside|break-before|break-after|box-sizing|box-shadow|box-decoration-break|bottom|border-width|border-top-width|border-top-style|border-top-right-radius|border-top-left-radius|border-top-color|border-top|border-style|border-spacing|border-right-width|border-right-style|border-right-color|border-right|border-radius"
            },
            "Parent": {
              "Id": 37,
              "Name": "AddSystemMessage",
              "InitialSystemContent": "",
              "Message": {
                "Role": "system",
                "Content": "####embedding from file: themes/PaperMod/assets/js/highlight.min.js\n debug_assert_eq! env! panic! file! format! format_args! include_bin! include_str! line! local_data_key! module_path! option_env! print! println! select! stringify! try! unimplemented! unreachable! vec! write! writeln! macro_rules! assert_ne! debug_assert_ne!\";return{name:\"Rust\",aliases:[\"rs\"],keywords:{$pattern:e.IDENT_RE+\"!?\",keyword:\"abstract as async await become box break const continue crate do dyn else enum extern false final fn for if impl in let loop macro match mod move mut override priv pub ref return self Self static struct super trait true try type typeof unsafe unsized use virtual where while yield\",literal:\"true false Some None Ok Err\",built_in:t},illegal:\"\u003c/\",contains:[e.C_LINE_COMMENT_MODE,e.COMMENT(\"/\\\\*\",\"\\\\*/\",{contains:[\"self\"]}),e.inherit(e.QUOTE_STRING_MODE,{begin:/b?\"/,illegal:null}),{className"
              },
              "Parent": {
                "Id": 36,
                "Name": "AddSystemMessage",
                "InitialSystemContent": "",
                "Message": {
                  "Role": "system",
                  "Content": "####embedding from file: themes/PaperMod/assets/js/highlight.min.js\n){var n=\"[a-zA-Z_]\\\\w*[!?=]?|[-+~]\\\\@|\u003c\u003c|\u003e\u003e|=~|===?|\u003c=\u003e|[\u003c\u003e]=?|\\\\*\\\\*|[-/+%^\u0026*~`|]|\\\\[\\\\]=?\",a={keyword:\"and then defined module in return redo if BEGIN retry end for self when next until do begin unless END rescue else break undef not super class case require yield alias while ensure elsif or include attr_reader attr_writer attr_accessor\",literal:\"true false nil\"},s={className:\"doctag\",begin:\"@[A-Za-z]+\"},i={begin:\"#\u003c\",end:\"\u003e\"},r=[e.COMMENT(\"#\",\"$\",{contains:[s]}),e.COMMENT(\"^\\\\=begin\",\"^\\\\=end\",{contains:[s],relevance:10}),e.COMMENT(\"^__END__\",\"\\\\n$\")],c={className:\"subst\",begin:\"#\\\\{\",end:\"}\",keywords:a"
                },
                "Parent": {
                  "Id": 35,
                  "Name": "AddSystemMessage",
                  "InitialSystemContent": "",
                  "Message": {
                    "Role": "system",
                    "Content": "####embedding from file: themes/PaperMod/assets/js/highlight.min.js\n.contains.push(i);var c=[e,a];return i.contains=i.contains.concat(c),s.contains=s.contains.concat(c),{name:\"Markdown\",aliases:[\"md\",\"mkdown\",\"mkd\"],contains:[{className:\"section\",variants:[{begin:\"^#{1,6}\",end:\"$\",contains:c=c.concat(i,s)},{begin:\"(?=^.+?\\\\n[=-]{2,}$)\",contains:[{begin:\"^[=-]*$\"},{begin:\"^\",end:\"\\\\n\",contains:c}]}]},e,{className:\"bullet\",begin:\"^[ \\t]*([*+-]|(\\\\d+\\\\.))(?=\\\\s+)\",end:\"\\\\s+\",excludeEnd:!0},i,s,{className:\"quote\",begin:\"^\u003e\\\\s+\",contains:c,end:\"$\"},{className:\"code\",variants:[{begin:\"(`{3,})(.|\\\\n)*?\\\\1`*[ ]*\"},{begin:\"(~{3"
                  },
                  "Parent": {
                    "Id": 34,
                    "Name": "AddSystemMessage",
                    "InitialSystemContent": "",
                    "Message": {
                      "Role": "system",
                      "Content": "####embedding from file: themes/PaperMod/assets/js/highlight.min.js\nend:/\\)/,keywords:{built_in:\"subst patsubst strip findstring filter filter-out sort word wordlist firstword lastword dir notdir suffix basename addsuffix addprefix join wildcard realpath abspath error warning shell origin flavor foreach if or and call eval file value\"},contains:[i]},r={begin:\"^\"+e.UNDERSCORE_IDENT_RE+\"\\\\s*(?=[:+?]?=)\"},s={className:\"section\",begin:/^[^\\s]+:/,end:/$/,contains:[i]};return{name:\"Makefile\",aliases:[\"mk\",\"mak\"],keywords:{$pattern:/[\\w-]+/,keyword:\"define endef undefine ifdef ifndef ifeq ifneq else endif include -include sinclude override export unexport private vpath\"},contains:[e.HASH_COMMENT_MODE,i,n,a,r,{className:\"meta\",begin:/^\\.PHONY:/,end:/$/,keywords:{$pattern:/[\\.\\w]+/,\"meta-key"
                    },
                    "Parent": {
                      "Id": 33,
                      "Name": "AddSystemMessage",
                      "InitialSystemContent": "",
                      "Message": {
                        "Role": "system",
                        "Content": "The following file contents are embeddings for the user input:"
                      },
                      "Parent": {
                        "Id": 32,
                        "Name": "ApplyWorkflow (SearchWorkflow) Start",
                        "InitialSystemContent": "",
                        "Message": {
                          "Role": "",
                          "Content": ""
                        },
                        "Parent": {
                          "Id": 31,
                          "Name": "ApplyWorkflow (listInspirationFiles) End",
                          "InitialSystemContent": "",
                          "Message": {
                            "Role": "",
                            "Content": ""
                          },
                          "Parent": {
                            "Id": 29,
                            "Name": "ApplyWorkflow (listInspirationFiles) Start",
                            "InitialSystemContent": "",
                            "Message": {
                              "Role": "",
                              "Content": ""
                            },
                            "Parent": {
                              "Id": 28,
                              "Name": "ApplyWorkflow (loadAndSearchEmbeddings) End",
                              "InitialSystemContent": "",
                              "Message": {
                                "Role": "",
                                "Content": ""
                              },
                              "Parent": {
                                "Id": 27,
                                "Name": "ApplyWorkflow (searchFilesWorkflow) End",
                                "InitialSystemContent": "",
                                "Message": {
                                  "Role": "",
                                  "Content": ""
                                },
                                "Parent": {
                                  "Id": 26,
                                  "Name": "searchResults",
                                  "InitialSystemContent": "",
                                  "Message": {
                                    "Role": "",
                                    "Content": ""
                                  },
                                  "Parent": {
                                    "Id": 25,
                                    "Name": "ApplyWorkflow (searchFilesWorkflow) Start",
                                    "InitialSystemContent": "",
                                    "Message": {
                                      "Role": "",
                                      "Content": ""
                                    },
                                    "Parent": {
                                      "Id": 24,
                                      "Name": "ApplyWorkflow (indexFilesAndEmbeddings) End",
                                      "InitialSystemContent": "",
                                      "Message": {
                                        "Role": "",
                                        "Content": ""
                                      },
                                      "Parent": {
                                        "Id": 23,
                                        "Name": "ApplyWorkflow (loadAndFetchEmbeddings) End",
                                        "InitialSystemContent": "",
                                        "Message": {
                                          "Role": "",
                                          "Content": ""
                                        },
                                        "Parent": {
                                          "Id": 22,
                                          "Name": "ApplyWorkflow (saveAndLoadEmbeddingsToDB) End",
                                          "InitialSystemContent": "",
                                          "Message": {
                                            "Role": "",
                                            "Content": ""
                                          },
                                          "Parent": {
                                            "Id": 21,
                                            "Name": "ApplyWorkflow (saveAndLoadEmbeddingsToDB) Start",
                                            "InitialSystemContent": "",
                                            "Message": {
                                              "Role": "",
                                              "Content": ""
                                            },
                                            "Parent": {
                                              "Id": 20,
                                              "Name": "ApplyWorkflow (fetchOrCachedEmbeddingForFilesWorkflow) End",
                                              "InitialSystemContent": "",
                                              "Message": {
                                                "Role": "",
                                                "Content": ""
                                              },
                                              "Parent": {
                                                "Id": 19,
                                                "Name": "fetchOrCachedEmbeddingForFilesTzap",
                                                "InitialSystemContent": "",
                                                "Message": {
                                                  "Role": "",
                                                  "Content": ""
                                                },
                                                "Parent": {
                                                  "Id": 18,
                                                  "Name": "ApplyWorkflow (fetchOrCachedEmbeddingForFilesWorkflow) Start",
                                                  "InitialSystemContent": "",
                                                  "Message": {
                                                    "Role": "",
                                                    "Content": ""
                                                  },
                                                  "Parent": {
                                                    "Id": 17,
                                                    "Name": "ApplyWorkflow (confirmEmbeddingSearch) End",
                                                    "InitialSystemContent": "",
                                                    "Message": {
                                                      "Role": "",
                                                      "Content": ""
                                                    },
                                                    "Parent": {
                                                      "Id": 16,
                                                      "Name": "ApplyWorkflow (confirmEmbeddingSearch) Start",
                                                      "InitialSystemContent": "",
                                                      "Message": {
                                                        "Role": "",
                                                        "Content": ""
                                                      },
                                                      "Parent": {
                                                        "Id": 15,
                                                        "Name": "ApplyWorkflow (prepareEmbedFilesWorkflow) End",
                                                        "InitialSystemContent": "",
                                                        "Message": {
                                                          "Role": "",
                                                          "Content": ""
                                                        },
                                                        "Parent": {
                                                          "Id": 14,
                                                          "Name": "prepareEmbedFilesTzap",
                                                          "InitialSystemContent": "",
                                                          "Message": {
                                                            "Role": "",
                                                            "Content": ""
                                                          },
                                                          "Parent": {
                                                            "Id": 13,
                                                            "Name": "ApplyWorkflow (prepareEmbedFilesWorkflow) Start",
                                                            "InitialSystemContent": "",
                                                            "Message": {
                                                              "Role": "",
                                                              "Content": ""
                                                            },
                                                            "Parent": {
                                                              "Id": 12,
                                                              "Name": "ApplyWorkflow (loadAndFetchEmbeddings) Start",
                                                              "InitialSystemContent": "",
                                                              "Message": {
                                                                "Role": "",
                                                                "Content": ""
                                                              },
                                                              "Parent": {
                                                                "Id": 11,
                                                                "Name": "ApplyWorkflow (indexFilesAndEmbeddings) Start",
                                                                "InitialSystemContent": "",
                                                                "Message": {
                                                                  "Role": "",
                                                                  "Content": ""
                                                                },
                                                                "Parent": {
                                                                  "Id": 10,
                                                                  "Name": "ApplyWorkflow (loadAndSearchEmbeddings) Start",
                                                                  "InitialSystemContent": "",
                                                                  "Message": {
                                                                    "Role": "",
                                                                    "Content": ""
                                                                  },
                                                                  "Parent": {
                                                                    "Id": 9,
                                                                    "Name": "ApplyWorkflow (inspirationWorkflow) End",
                                                                    "InitialSystemContent": "",
                                                                    "Message": {
                                                                      "Role": "",
                                                                      "Content": ""
                                                                    },
                                                                    "Parent": {
                                                                      "Id": 8,
                                                                      "Name": "ApplyWorkflow (inspirationWorkflow) Start",
                                                                      "InitialSystemContent": "",
                                                                      "Message": {
                                                                        "Role": "",
                                                                        "Content": ""
                                                                      },
                                                                      "Parent": {
                                                                        "Id": 7,
                                                                        "Name": "ApplyWorkflow (listInspirationFiles) End",
                                                                        "InitialSystemContent": "",
                                                                        "Message": {
                                                                          "Role": "",
                                                                          "Content": ""
                                                                        },
                                                                        "Parent": {
                                                                          "Id": 5,
                                                                          "Name": "ApplyWorkflow (listInspirationFiles) Start",
                                                                          "InitialSystemContent": "",
                                                                          "Message": {
                                                                            "Role": "",
                                                                            "Content": ""
                                                                          },
                                                                          "Parent": {
                                                                            "Id": 4,
                                                                            "Name": "ApplyWorkflow () Start",
                                                                            "InitialSystemContent": "",
                                                                            "Message": {
                                                                              "Role": "",
                                                                              "Content": ""
                                                                            },
                                                                            "Parent": {
                                                                              "Id": 3,
                                                                              "Name": "Work",
                                                                              "InitialSystemContent": "",
                                                                              "Message": {
                                                                                "Role": "",
                                                                                "Content": ""
                                                                              },
                                                                              "Parent": {
                                                                                "Id": 2,
                                                                                "Name": "MutateContext",
                                                                                "InitialSystemContent": "",
                                                                                "Message": {
                                                                                  "Role": "",
                                                                                  "Content": ""
                                                                                },
                                                                                "Parent": {
                                                                                  "Id": 1,
                                                                                  "Name": "Connection",
                                                                                  "InitialSystemContent": "",
                                                                                  "Message": {
                                                                                    "Role": "",
                                                                                    "Content": ""
                                                                                  },
                                                                                  "Parent": null
                                                                                }
                                                                              }
                                                                            }
                                                                          }
                                                                        }
                                                                      }
                                                                    }
                                                                  }
                                                                }
                                                              }
                                                            }
                                                          }
                                                        }
                                                      }
                                                    }
                                                  }
                                                }
                                              }
                                            }
                                          }
                                        }
                                      }
                                    }
                                  }
                                }
                              }
                            }
                          }
                        }
                      }
                    }
                  }
                }
              }
            }
          }
        }
      }
    }
  }
}
